<?xml version="1.0" encoding="UTF-8"?>
<testng-results ignored="3" total="3" passed="0" failed="0" skipped="0">
  <reporter-output>
  </reporter-output>
  <suite started-at="2025-04-07T00:44:33 IST" name="All Test Suite" finished-at="2025-04-07T00:44:33 IST" duration-ms="4">
    <groups>
    </groups>
    <test started-at="2025-04-07T00:44:33 IST" name="/Users/animesh.c/Downloads/ErailAutomationFramework" finished-at="2025-04-07T00:44:33 IST" duration-ms="4">
      <class name="testcases.ErailTest">
        <test-method is-config="true" signature="setUpReport()[pri:0, instance:testcases.ErailTest@53fe15ff]" started-at="2025-04-07T00:44:33 IST" name="setUpReport" finished-at="2025-04-07T00:44:33 IST" duration-ms="100" status="PASS">
          <reporter-output>
          </reporter-output>
        </test-method> <!-- setUpReport -->
        <test-method is-config="true" signature="flushReport()[pri:0, instance:testcases.ErailTest@53fe15ff]" started-at="2025-04-07T00:44:33 IST" name="flushReport" finished-at="2025-04-07T00:44:33 IST" duration-ms="119" status="PASS">
          <reporter-output>
          </reporter-output>
        </test-method> <!-- flushReport -->
      </class> <!-- testcases.ErailTest -->
    </test> <!-- /Users/animesh.c/Downloads/ErailAutomationFramework -->
  </suite> <!-- All Test Suite -->
</testng-results>
