<?xml version="1.0" encoding="UTF-8"?>
<!-- Generated by org.testng.reporters.JUnitXMLReporter -->
<testsuite ignored="3" hostname="GHYP2H2XFJ" failures="0" tests="0" time="0.004" errors="0" timestamp="2025-04-07T00:44:33 IST">
  <testcase classname="testcases.ErailTest" name="testSelectDate" time="0.0">
    <ignored/>
  </testcase> <!-- testSelectDate -->
  <testcase classname="testcases.ErailTest" name="validateSpecificStationSuggestion" time="0.0">
    <ignored/>
  </testcase> <!-- validateSpecificStationSuggestion -->
  <testcase classname="testcases.ErailTest" name="compareActualDropdownWithExpectedExcelData" time="0.0">
    <ignored/>
  </testcase> <!-- compareActualDropdownWithExpectedExcelData -->
</testsuite>
